<?xml version="1.0" encoding="UTF-8"?>
<testsuite xmlns:xsi="http://www.w3.org/2001/XMLSchema-instance" xsi:noNamespaceSchemaLocation="https://maven.apache.org/surefire/maven-surefire-plugin/xsd/surefire-test-report-3.0.xsd" version="3.0" name="org.jmrtd.test.lds.MRZInfoTest" time="0.069" tests="57" errors="0" skipped="0" failures="0">
  <properties>
[...]
</properties>
  <testcase name="testCanGenderBeNull" classname="org.jmrtd.test.lds.MRZInfoTest" time="0"/>
  <testcase name="testTD2ExtendedDocumentNumber" classname="org.jmrtd.test.lds.MRZInfoTest" time="0"/>
  <testcase name="testTD1LongDocumentNumberNoOptionalData1" classname="org.jmrtd.test.lds.MRZInfoTest" time="0"/>
  <testcase name="testCompositeCheckDigitTD3" classname="org.jmrtd.test.lds.MRZInfoTest" time="0"/>
  <testcase name="testTD1ConstructedLongMaxDocumentNumberAndAlsoOptionalData1" classname="org.jmrtd.test.lds.MRZInfoTest" time="0.002"/>
  <testcase name="testBelgianMRZ" classname="org.jmrtd.test.lds.MRZInfoTest" time="0"/>
  <testcase name="testDecodeEncode" classname="org.jmrtd.test.lds.MRZInfoTest" time="0.001"/>
  <testcase name="testBELID" classname="org.jmrtd.test.lds.MRZInfoTest" time="0"/>
  <testcase name="testBug63" classname="org.jmrtd.test.lds.MRZInfoTest" time="0.001"/>
  <testcase name="testBug65" classname="org.jmrtd.test.lds.MRZInfoTest" time="0.002"/>
  <testcase name="testMRVA" classname="org.jmrtd.test.lds.MRZInfoTest" time="0.001"/>
  <testcase name="testMRVB" classname="org.jmrtd.test.lds.MRZInfoTest" time="0.001"/>
  <testcase name="testTD1ESTDocumentNumberAndOptionalData1" classname="org.jmrtd.test.lds.MRZInfoTest" time="0.002"/>
  <testcase name="testTD1OptionalData1OptionalData2" classname="org.jmrtd.test.lds.MRZInfoTest" time="0.001"/>
  <testcase name="testNZLTD3OptionalData" classname="org.jmrtd.test.lds.MRZInfoTest" time="0.001"/>
  <testcase name="testNLDTD1EmptyOptionalData1" classname="org.jmrtd.test.lds.MRZInfoTest" time="0.001"/>
  <testcase name="testNationality" classname="org.jmrtd.test.lds.MRZInfoTest" time="0"/>
  <testcase name="testTD1AUTDocumentNumberAndOptionalData1" classname="org.jmrtd.test.lds.MRZInfoTest" time="0.001"/>
  <testcase name="testToStringHappy" classname="org.jmrtd.test.lds.MRZInfoTest" time="0.001"/>
  <testcase name="testOptionalData1TD1" classname="org.jmrtd.test.lds.MRZInfoTest" time="0.001"/>
  <testcase name="testOptionalData1TD2" classname="org.jmrtd.test.lds.MRZInfoTest" time="0"/>
  <testcase name="testOptionalData1TD3" classname="org.jmrtd.test.lds.MRZInfoTest" time="0.001"/>
  <testcase name="testOptionalDataMRVB" classname="org.jmrtd.test.lds.MRZInfoTest" time="0.001"/>
  <testcase name="testEncodeDecode" classname="org.jmrtd.test.lds.MRZInfoTest" time="0.001"/>
  <testcase name="testPRTFromPrado" classname="org.jmrtd.test.lds.MRZInfoTest" time="0.001"/>
  <testcase name="testMRZWithEmptyExtendedDocumentNumber" classname="org.jmrtd.test.lds.MRZInfoTest" time="0"/>
  <testcase name="testTD2EncodeDecode" classname="org.jmrtd.test.lds.MRZInfoTest" time="0"/>
  <testcase name="testMRVBMRZFormatFields" classname="org.jmrtd.test.lds.MRZInfoTest" time="0.001"/>
  <testcase name="testVietnam" classname="org.jmrtd.test.lds.MRZInfoTest" time="0.001"/>
  <testcase name="testOptionalData1MRVA" classname="org.jmrtd.test.lds.MRZInfoTest" time="0"/>
  <testcase name="testTD1ConstructedLongDocumentNumberAndAlsoOptionalData1" classname="org.jmrtd.test.lds.MRZInfoTest" time="0.001"/>
  <testcase name="testTD3MRVAOptionalDataCompositeCheckDigit" classname="org.jmrtd.test.lds.MRZInfoTest" time="0"/>
  <testcase name="testShortDocumentNumber" classname="org.jmrtd.test.lds.MRZInfoTest" time="0.001"/>
  <testcase name="testFillerZeroCheckDigit" classname="org.jmrtd.test.lds.MRZInfoTest" time="0.001"/>
  <testcase name="testArnjlotLongPrimaryIdenfitier" classname="org.jmrtd.test.lds.MRZInfoTest" time="0"/>
  <testcase name="testTD1ConstructedMaxDocumentNumberAndNoOptionalData1" classname="org.jmrtd.test.lds.MRZInfoTest" time="0.002"/>
  <testcase name="testVanPassel" classname="org.jmrtd.test.lds.MRZInfoTest" time="0"/>
  <testcase name="testTD2MRVBOptionalDataCompositeCheckDigit" classname="org.jmrtd.test.lds.MRZInfoTest" time="0.001"/>
  <testcase name="testStringConstructor" classname="org.jmrtd.test.lds.MRZInfoTest" time="0"/>
  <testcase name="testTD1BELDocumentNumberAndOptionalData1" classname="org.jmrtd.test.lds.MRZInfoTest" time="0.001"/>
  <testcase name="testLVATD1EmptyOptionalData2" classname="org.jmrtd.test.lds.MRZInfoTest" time="0"/>
  <testcase name="testArnjlotMalaysia" classname="org.jmrtd.test.lds.MRZInfoTest" time="0.001"/>
  <testcase name="testOliveira" classname="org.jmrtd.test.lds.MRZInfoTest" time="0"/>
  <testcase name="testToStringSamples" classname="org.jmrtd.test.lds.MRZInfoTest" time="0.004"/>
  <testcase name="testDEUTD3" classname="org.jmrtd.test.lds.MRZInfoTest" time="0.001"/>
  <testcase name="testGBRTD3" classname="org.jmrtd.test.lds.MRZInfoTest" time="0.001"/>
  <testcase name="testNLDTD3New" classname="org.jmrtd.test.lds.MRZInfoTest" time="0"/>
  <testcase name="testNLDTD3Old" classname="org.jmrtd.test.lds.MRZInfoTest" time="0.002"/>
  <testcase name="testLength" classname="org.jmrtd.test.lds.MRZInfoTest" time="0.002"/>
  <testcase name="testEqualsId1" classname="org.jmrtd.test.lds.MRZInfoTest" time="0.001"/>
  <testcase name="testEqualsId3" classname="org.jmrtd.test.lds.MRZInfoTest" time="0.001"/>
  <testcase name="testNORTD3" classname="org.jmrtd.test.lds.MRZInfoTest" time="0"/>
  <testcase name="testEncodeToString" classname="org.jmrtd.test.lds.MRZInfoTest" time="0.004"/>
  <testcase name="testToStringLoes" classname="org.jmrtd.test.lds.MRZInfoTest" time="0.005"/>
  <testcase name="testTD1ConstructedLongDocumentNumberAndAlsoMaxOptionalData1" classname="org.jmrtd.test.lds.MRZInfoTest" time="0"/>
  <testcase name="testTD1ESPDocumentNumberAndOptionalData1" classname="org.jmrtd.test.lds.MRZInfoTest" time="0.007"/>
  <testcase name="testTD1LongDocumentNumberAndAlsoOptionalData1" classname="org.jmrtd.test.lds.MRZInfoTest" time="0"/>
</testsuite>