<?xml version="1.0" encoding="UTF-8"?>
<testsuite xmlns:xsi="http://www.w3.org/2001/XMLSchema-instance" xsi:noNamespaceSchemaLocation="https://maven.apache.org/surefire/maven-surefire-plugin/xsd/surefire-test-report-3.0.xsd" version="3.0" name="org.jmrtd.test.lds.ChipAuthenticationPublicKeyInfoTest" time="0.985" tests="3" errors="0" skipped="0" failures="0">
  <properties>
[...]
</properties>
  <testcase name="testConstruct" classname="org.jmrtd.test.lds.ChipAuthenticationPublicKeyInfoTest" time="0.131"/>
  <testcase name="testChipAuthenticationPublicKeyInfoEquals" classname="org.jmrtd.test.lds.ChipAuthenticationPublicKeyInfoTest" time="0.831"/>
  <testcase name="testSerializable" classname="org.jmrtd.test.lds.ChipAuthenticationPublicKeyInfoTest" time="0.014"/>
</testsuite>